<?xml version="1.0" encoding="UTF-8"?>
<!-- Generated by org.testng.reporters.JUnitXMLReporter -->
<testsuite ignored="0" hostname="Abhisheks-MacBook-Air.local" failures="0" tests="2" name="SubmitOrderTest" time="15.416" errors="0" timestamp="2024-03-28T00:35:10 IST">
  <testcase classname="abhishektestnet.seleniumFrameworkDesign.tests.SubmitOrderTest" name="SubmitOrderTest" time="5.991"/>
  <testcase classname="abhishektestnet.seleniumFrameworkDesign.tests.SubmitOrderTest" name="SubmitOrderTest" time="5.836"/>
</testsuite> <!-- SubmitOrderTest -->
