<?xml version="1.0" encoding="UTF-8"?>
<!-- Generated by org.testng.reporters.JUnitXMLReporter -->
<testsuite ignored="0" hostname="Abhisheks-MacBook-Air.local" failures="0" tests="2" name="SubmitOrderTest" time="13.296" errors="0" timestamp="2024-03-28T01:55:37 IST">
  <testcase classname="abhishektestnet.seleniumFrameworkDesign.tests.SubmitOrderTest" name="submitOrderTest" time="4.847"/>
  <testcase classname="abhishektestnet.seleniumFrameworkDesign.tests.SubmitOrderTest" name="submitOrderTest" time="4.954"/>
</testsuite> <!-- SubmitOrderTest -->
