<?xml version="1.0" encoding="UTF-8"?>
<testng-results ignored="0" total="3" passed="3" failed="0" skipped="0">
  <reporter-output>
  </reporter-output>
  <suite started-at="2024-03-28T00:34:54 IST" name="Suite" finished-at="2024-03-28T00:35:10 IST" duration-ms="15416">
    <groups>
      <group name="ErrorValidations">
        <method signature="LoginErrorValidationTest.loginErrorValidation()[pri:0, instance:abhishektestnet.seleniumFrameworkDesign.tests.LoginErrorValidationTest@1cbbffcd]" name="loginErrorValidation" class="abhishektestnet.seleniumFrameworkDesign.tests.LoginErrorValidationTest"/>
      </group> <!-- ErrorValidations -->
      <group name="Regression">
        <method signature="SubmitOrderTest.SubmitOrderTest(java.util.HashMap)[pri:0, instance:abhishektestnet.seleniumFrameworkDesign.tests.SubmitOrderTest@78e117e3]" name="SubmitOrderTest" class="abhishektestnet.seleniumFrameworkDesign.tests.SubmitOrderTest"/>
      </group> <!-- Regression -->
    </groups>
    <test started-at="2024-03-28T00:34:54 IST" name="LoginErrorValidationTest" finished-at="2024-03-28T00:34:59 IST" duration-ms="4305">
      <class name="abhishektestnet.seleniumFrameworkDesign.tests.LoginErrorValidationTest">
        <test-method is-config="true" signature="launchApplication()[pri:0, instance:abhishektestnet.seleniumFrameworkDesign.tests.LoginErrorValidationTest@1cbbffcd]" started-at="2024-03-28T00:34:54 IST" name="launchApplication" finished-at="2024-03-28T00:34:56 IST" duration-ms="2182" status="PASS">
          <reporter-output>
          </reporter-output>
        </test-method> <!-- launchApplication -->
        <test-method signature="loginErrorValidation()[pri:0, instance:abhishektestnet.seleniumFrameworkDesign.tests.LoginErrorValidationTest@1cbbffcd]" started-at="2024-03-28T00:34:56 IST" name="loginErrorValidation" finished-at="2024-03-28T00:34:58 IST" duration-ms="1994" status="PASS">
          <reporter-output>
          </reporter-output>
        </test-method> <!-- loginErrorValidation -->
        <test-method is-config="true" signature="tearDown()[pri:0, instance:abhishektestnet.seleniumFrameworkDesign.tests.LoginErrorValidationTest@1cbbffcd]" started-at="2024-03-28T00:34:58 IST" name="tearDown" finished-at="2024-03-28T00:34:59 IST" duration-ms="108" status="PASS">
          <reporter-output>
          </reporter-output>
        </test-method> <!-- tearDown -->
      </class> <!-- abhishektestnet.seleniumFrameworkDesign.tests.LoginErrorValidationTest -->
    </test> <!-- LoginErrorValidationTest -->
    <test started-at="2024-03-28T00:34:54 IST" name="SubmitOrderTest" finished-at="2024-03-28T00:35:10 IST" duration-ms="15416">
      <class name="abhishektestnet.seleniumFrameworkDesign.tests.SubmitOrderTest">
        <test-method is-config="true" signature="launchApplication()[pri:0, instance:abhishektestnet.seleniumFrameworkDesign.tests.SubmitOrderTest@78e117e3]" started-at="2024-03-28T00:34:54 IST" name="launchApplication" finished-at="2024-03-28T00:34:56 IST" duration-ms="2037" status="PASS">
          <reporter-output>
          </reporter-output>
        </test-method> <!-- launchApplication -->
        <test-method signature="SubmitOrderTest(java.util.HashMap)[pri:0, instance:abhishektestnet.seleniumFrameworkDesign.tests.SubmitOrderTest@78e117e3]" started-at="2024-03-28T00:34:56 IST" name="SubmitOrderTest" data-provider="getDataForSubmitOrderTest" finished-at="2024-03-28T00:35:02 IST" duration-ms="5991" status="PASS">
          <params>
            <param index="0">
              <value>
                <![CDATA[{password=Strong@00, product=ADIDAS ORIGINAL, username=abhishek@email.com}]]>
              </value>
            </param>
          </params>
          <reporter-output>
          </reporter-output>
        </test-method> <!-- SubmitOrderTest -->
        <test-method is-config="true" signature="tearDown()[pri:0, instance:abhishektestnet.seleniumFrameworkDesign.tests.SubmitOrderTest@78e117e3]" started-at="2024-03-28T00:35:02 IST" name="tearDown" finished-at="2024-03-28T00:35:03 IST" duration-ms="113" status="PASS">
          <reporter-output>
          </reporter-output>
        </test-method> <!-- tearDown -->
        <test-method is-config="true" signature="launchApplication()[pri:0, instance:abhishektestnet.seleniumFrameworkDesign.tests.SubmitOrderTest@78e117e3]" started-at="2024-03-28T00:35:03 IST" name="launchApplication" finished-at="2024-03-28T00:35:04 IST" duration-ms="1142" status="PASS">
          <reporter-output>
          </reporter-output>
        </test-method> <!-- launchApplication -->
        <test-method signature="SubmitOrderTest(java.util.HashMap)[pri:0, instance:abhishektestnet.seleniumFrameworkDesign.tests.SubmitOrderTest@78e117e3]" started-at="2024-03-28T00:35:04 IST" name="SubmitOrderTest" data-provider="getDataForSubmitOrderTest" finished-at="2024-03-28T00:35:10 IST" duration-ms="5836" status="PASS">
          <params>
            <param index="0">
              <value>
                <![CDATA[{password=Strong@00, product=IPHONE 13 PRO, username=vishal@email.com}]]>
              </value>
            </param>
          </params>
          <reporter-output>
          </reporter-output>
        </test-method> <!-- SubmitOrderTest -->
        <test-method is-config="true" signature="tearDown()[pri:0, instance:abhishektestnet.seleniumFrameworkDesign.tests.SubmitOrderTest@78e117e3]" started-at="2024-03-28T00:35:10 IST" name="tearDown" finished-at="2024-03-28T00:35:10 IST" duration-ms="133" status="PASS">
          <reporter-output>
          </reporter-output>
        </test-method> <!-- tearDown -->
      </class> <!-- abhishektestnet.seleniumFrameworkDesign.tests.SubmitOrderTest -->
    </test> <!-- SubmitOrderTest -->
  </suite> <!-- Suite -->
</testng-results>
